<?xml version="1.0" encoding="UTF-8"?>
<!-- Generated by org.testng.reporters.JUnitReportReporter -->
<testsuite hostname="dell" failures="0" tests="1" name="com.amazon.addToCart.AmazonTest" time="195.898" errors="0" timestamp="2022-08-21T16:14:14 IST" skipped="0">
  <testcase classname="com.amazon.addToCart.AmazonTest" name="login" time="195.898"/>
  <system-out/>
</testsuite> <!-- com.amazon.addToCart.AmazonTest -->
