<?xml version="1.0" encoding="UTF-8"?>
<!-- Generated by org.testng.reporters.JUnitReportReporter -->
<testsuite hostname="dell" failures="0" tests="2" name="GetMethod" time="18.244" errors="0" timestamp="2022-07-21T10:29:17 IST" skipped="0">
  <testcase classname="GetMethod" name="tc2" time="4.605"/>
  <system-out/>
  <testcase classname="GetMethod" name="tc1" time="13.639"/>
  <system-out/>
</testsuite> <!-- GetMethod -->
