<?xml version="1.0" encoding="UTF-8"?>
<!-- Generated by org.testng.reporters.JUnitReportReporter -->
<testsuite hostname="dell" failures="0" tests="1" name="PostMethod" time="8.212" errors="0" timestamp="2022-07-21T11:34:22 IST" skipped="0">
  <testcase classname="PostMethod" name="tc1" time="8.212"/>
  <system-out/>
</testsuite> <!-- PostMethod -->
